# JRE version: OpenJDK Runtime Environment Temurin-17.0.10+7 (17.0.10+7) (build 17.0.10+7)
# Java VM: OpenJDK 64-Bit Server VM Temurin-17.0.10+7 (17.0.10+7, mixed mode, tiered, compressed oops, compressed class ptrs, g1 gc, windows-amd64)
GC Precious Log:
 CPUs: 20 total, 20 available
 Memory: 7812M
 Large Page Support: Disabled
 NUMA Support: Disabled
 Compressed Oops: Enabled (32-bit)
 Heap Region Size: 1M
 Heap Min Capacity: 8M
 Heap Initial Capacity: 124M
 Heap Max Capacity: 1954M
 Pre-touch: Disabled
 Parallel Workers: 15
 Concurrent Workers: 4
 Concurrent Refinement Workers: 15
 Periodic GC: Disabled
Heap:
 garbage-first heap   total 75776K, used 24430K [0x0000000085e00000, 0x0000000100000000)
  region size 1024K, 13 young (13312K), 3 survivors (3072K)
 Metaspace       used 43491K, committed 43776K, reserved 1114112K
  class space    used 4753K, committed 4864K, reserved 1048576K
GC Heap History (18 events):
Event: 0.539 GC heap before
{Heap before GC invocations=0 (full 0):
 garbage-first heap   total 126976K, used 20480K [0x0000000085e00000, 0x0000000100000000)
  region size 1024K, 22 young (22528K), 0 survivors (0K)
 Metaspace       used 21318K, committed 21504K, reserved 1114112K
  class space    used 2204K, committed 2304K, reserved 1048576K
}
Event: 0.543 GC heap after
{Heap after GC invocations=1 (full 0):
 garbage-first heap   total 126976K, used 5330K [0x0000000085e00000, 0x0000000100000000)
  region size 1024K, 3 young (3072K), 3 survivors (3072K)
 Metaspace       used 21318K, committed 21504K, reserved 1114112K
  class space    used 2204K, committed 2304K, reserved 1048576K
}
Event: 0.874 GC heap before
{Heap before GC invocations=2 (full 0):
 garbage-first heap   total 24576K, used 15570K [0x0000000085e00000, 0x0000000100000000)
  region size 1024K, 14 young (14336K), 3 survivors (3072K)
 Metaspace       used 26644K, committed 26880K, reserved 1114112K
  class space    used 2792K, committed 2880K, reserved 1048576K
}
Event: 0.877 GC heap after
{Heap after GC invocations=3 (full 0):
 garbage-first heap   total 24576K, used 7130K [0x0000000085e00000, 0x0000000100000000)
  region size 1024K, 2 young (2048K), 2 survivors (2048K)
 Metaspace       used 26644K, committed 26880K, reserved 1114112K
  class space    used 2792K, committed 2880K, reserved 1048576K
}
Event: 0.914 GC heap before
{Heap before GC invocations=3 (full 0):
 garbage-first heap   total 24576K, used 8154K [0x0000000085e00000, 0x0000000100000000)
  region size 1024K, 3 young (3072K), 2 survivors (2048K)
 Metaspace       used 27840K, committed 28032K, reserved 1114112K
  class space    used 2933K, committed 3008K, reserved 1048576K
}
Event: 0.916 GC heap after
{Heap after GC invocations=4 (full 0):
 garbage-first heap   total 24576K, used 7573K [0x0000000085e00000, 0x0000000100000000)
  region size 1024K, 1 young (1024K), 1 survivors (1024K)
 Metaspace       used 27840K, committed 28032K, reserved 1114112K
  class space    used 2933K, committed 3008K, reserved 1048576K
}
Event: 14.733 GC heap before
{Heap before GC invocations=4 (full 0):
 garbage-first heap   total 24576K, used 17813K [0x0000000085e00000, 0x0000000100000000)
  region size 1024K, 9 young (9216K), 1 survivors (1024K)
 Metaspace       used 32618K, committed 32832K, reserved 1114112K
  class space    used 3417K, committed 3520K, reserved 1048576K
}
Event: 14.734 GC heap after
{Heap after GC invocations=5 (full 0):
 garbage-first heap   total 24576K, used 11458K [0x0000000085e00000, 0x0000000100000000)
  region size 1024K, 2 young (2048K), 2 survivors (2048K)
 Metaspace       used 32618K, committed 32832K, reserved 1114112K
  class space    used 3417K, committed 3520K, reserved 1048576K
}
Event: 14.865 GC heap before
{Heap before GC invocations=5 (full 0):
 garbage-first heap   total 24576K, used 16578K [0x0000000085e00000, 0x0000000100000000)
  region size 1024K, 8 young (8192K), 2 survivors (2048K)
 Metaspace       used 34270K, committed 34560K, reserved 1114112K
  class space    used 3673K, committed 3840K, reserved 1048576K
}
Event: 14.866 GC heap after
{Heap after GC invocations=6 (full 0):
 garbage-first heap   total 24576K, used 11597K [0x0000000085e00000, 0x0000000100000000)
  region size 1024K, 1 young (1024K), 1 survivors (1024K)
 Metaspace       used 34270K, committed 34560K, reserved 1114112K
  class space    used 3673K, committed 3840K, reserved 1048576K
}
Event: 14.906 GC heap before
{Heap before GC invocations=6 (full 0):
 garbage-first heap   total 24576K, used 14669K [0x0000000085e00000, 0x0000000100000000)
  region size 1024K, 6 young (6144K), 1 survivors (1024K)
 Metaspace       used 35710K, committed 35968K, reserved 1114112K
  class space    used 3875K, committed 4032K, reserved 1048576K
}
Event: 14.907 GC heap after
{Heap after GC invocations=7 (full 0):
 garbage-first heap   total 24576K, used 12069K [0x0000000085e00000, 0x0000000100000000)
  region size 1024K, 1 young (1024K), 1 survivors (1024K)
 Metaspace       used 35710K, committed 35968K, reserved 1114112K
  class space    used 3875K, committed 4032K, reserved 1048576K
}
Event: 15.008 GC heap before
{Heap before GC invocations=8 (full 0):
 garbage-first heap   total 24576K, used 18213K [0x0000000085e00000, 0x0000000100000000)
  region size 1024K, 7 young (7168K), 1 survivors (1024K)
 Metaspace       used 37294K, committed 37568K, reserved 1114112K
  class space    used 4152K, committed 4288K, reserved 1048576K
}
Event: 15.010 GC heap after
{Heap after GC invocations=9 (full 0):
 garbage-first heap   total 24576K, used 12988K [0x0000000085e00000, 0x0000000100000000)
  region size 1024K, 1 young (1024K), 1 survivors (1024K)
 Metaspace       used 37294K, committed 37568K, reserved 1114112K
  class space    used 4152K, committed 4288K, reserved 1048576K
}
Event: 15.022 GC heap before
{Heap before GC invocations=9 (full 0):
 garbage-first heap   total 24576K, used 14012K [0x0000000085e00000, 0x0000000100000000)
  region size 1024K, 2 young (2048K), 1 survivors (1024K)
 Metaspace       used 37517K, committed 37760K, reserved 1114112K
  class space    used 4175K, committed 4288K, reserved 1048576K
}
Event: 15.023 GC heap after
{Heap after GC invocations=10 (full 0):
 garbage-first heap   total 75776K, used 13023K [0x0000000085e00000, 0x0000000100000000)
  region size 1024K, 1 young (1024K), 1 survivors (1024K)
 Metaspace       used 37517K, committed 37760K, reserved 1114112K
  class space    used 4175K, committed 4288K, reserved 1048576K
}
Event: 152.752 GC heap before
{Heap before GC invocations=10 (full 0):
 garbage-first heap   total 75776K, used 44767K [0x0000000085e00000, 0x0000000100000000)
  region size 1024K, 33 young (33792K), 1 survivors (1024K)
 Metaspace       used 43149K, committed 43392K, reserved 1114112K
  class space    used 4749K, committed 4864K, reserved 1048576K
}
Event: 152.754 GC heap after
{Heap after GC invocations=11 (full 0):
 garbage-first heap   total 75776K, used 15214K [0x0000000085e00000, 0x0000000100000000)
  region size 1024K, 3 young (3072K), 3 survivors (3072K)
 Metaspace       used 43149K, committed 43392K, reserved 1114112K
  class space    used 4749K, committed 4864K, reserved 1048576K
}

