# JRE version: OpenJDK Runtime Environment Temurin-17.0.10+7 (17.0.10+7) (build 17.0.10+7)
# Java VM: OpenJDK 64-Bit Server VM Temurin-17.0.10+7 (17.0.10+7, mixed mode, tiered, compressed oops, compressed class ptrs, g1 gc, windows-amd64)
GC Precious Log:
 CPUs: 20 total, 20 available
 Memory: 7812M
 Large Page Support: Disabled
 NUMA Support: Disabled
 Compressed Oops: Enabled (32-bit)
 Heap Region Size: 1M
 Heap Min Capacity: 8M
 Heap Initial Capacity: 124M
 Heap Max Capacity: 1954M
 Pre-touch: Disabled
 Parallel Workers: 15
 Concurrent Workers: 4
 Concurrent Refinement Workers: 15
 Periodic GC: Disabled
Heap:
 garbage-first heap   total 75776K, used 11771K [0x0000000085e00000, 0x0000000100000000)
  region size 1024K, 2 young (2048K), 1 survivors (1024K)
 Metaspace       used 33102K, committed 33344K, reserved 1114112K
  class space    used 3424K, committed 3520K, reserved 1048576K
GC Heap History (14 events):
Event: 0.951 GC heap before
{Heap before GC invocations=0 (full 0):
 garbage-first heap   total 126976K, used 21504K [0x0000000085e00000, 0x0000000100000000)
  region size 1024K, 23 young (23552K), 0 survivors (0K)
 Metaspace       used 21355K, committed 21504K, reserved 1114112K
  class space    used 2205K, committed 2304K, reserved 1048576K
}
Event: 0.956 GC heap after
{Heap after GC invocations=1 (full 0):
 garbage-first heap   total 126976K, used 5240K [0x0000000085e00000, 0x0000000100000000)
  region size 1024K, 3 young (3072K), 3 survivors (3072K)
 Metaspace       used 21355K, committed 21504K, reserved 1114112K
  class space    used 2205K, committed 2304K, reserved 1048576K
}
Event: 1.391 GC heap before
{Heap before GC invocations=2 (full 0):
 garbage-first heap   total 24576K, used 16504K [0x0000000085e00000, 0x0000000100000000)
  region size 1024K, 14 young (14336K), 3 survivors (3072K)
 Metaspace       used 25859K, committed 26048K, reserved 1114112K
  class space    used 2714K, committed 2816K, reserved 1048576K
}
Event: 1.396 GC heap after
{Heap after GC invocations=3 (full 0):
 garbage-first heap   total 24576K, used 7124K [0x0000000085e00000, 0x0000000100000000)
  region size 1024K, 2 young (2048K), 2 survivors (2048K)
 Metaspace       used 25859K, committed 26048K, reserved 1114112K
  class space    used 2714K, committed 2816K, reserved 1048576K
}
Event: 1.467 GC heap before
{Heap before GC invocations=3 (full 0):
 garbage-first heap   total 24576K, used 8148K [0x0000000085e00000, 0x0000000100000000)
  region size 1024K, 3 young (3072K), 2 survivors (2048K)
 Metaspace       used 27373K, committed 27584K, reserved 1114112K
  class space    used 2878K, committed 3008K, reserved 1048576K
}
Event: 1.470 GC heap after
{Heap after GC invocations=4 (full 0):
 garbage-first heap   total 24576K, used 7792K [0x0000000085e00000, 0x0000000100000000)
  region size 1024K, 1 young (1024K), 1 survivors (1024K)
 Metaspace       used 27373K, committed 27584K, reserved 1114112K
  class space    used 2878K, committed 3008K, reserved 1048576K
}
Event: 3.298 GC heap before
{Heap before GC invocations=4 (full 0):
 garbage-first heap   total 24576K, used 19056K [0x0000000085e00000, 0x0000000100000000)
  region size 1024K, 9 young (9216K), 1 survivors (1024K)
 Metaspace       used 31829K, committed 32128K, reserved 1114112K
  class space    used 3344K, committed 3456K, reserved 1048576K
}
Event: 3.300 GC heap after
{Heap after GC invocations=5 (full 0):
 garbage-first heap   total 24576K, used 11727K [0x0000000085e00000, 0x0000000100000000)
  region size 1024K, 2 young (2048K), 2 survivors (2048K)
 Metaspace       used 31829K, committed 32128K, reserved 1114112K
  class space    used 3344K, committed 3456K, reserved 1048576K
}
Event: 3.493 GC heap before
{Heap before GC invocations=5 (full 0):
 garbage-first heap   total 24576K, used 17871K [0x0000000085e00000, 0x0000000100000000)
  region size 1024K, 8 young (8192K), 2 survivors (2048K)
 Metaspace       used 32145K, committed 32384K, reserved 1114112K
  class space    used 3344K, committed 3456K, reserved 1048576K
}
Event: 3.495 GC heap after
{Heap after GC invocations=6 (full 0):
 garbage-first heap   total 24576K, used 11847K [0x0000000085e00000, 0x0000000100000000)
  region size 1024K, 1 young (1024K), 1 survivors (1024K)
 Metaspace       used 32145K, committed 32384K, reserved 1114112K
  class space    used 3344K, committed 3456K, reserved 1048576K
}
Event: 3.705 GC heap before
{Heap before GC invocations=6 (full 0):
 garbage-first heap   total 24576K, used 16967K [0x0000000085e00000, 0x0000000100000000)
  region size 1024K, 7 young (7168K), 1 survivors (1024K)
 Metaspace       used 32289K, committed 32576K, reserved 1114112K
  class space    used 3344K, committed 3456K, reserved 1048576K
}
Event: 3.707 GC heap after
{Heap after GC invocations=7 (full 0):
 garbage-first heap   total 24576K, used 11730K [0x0000000085e00000, 0x0000000100000000)
  region size 1024K, 1 young (1024K), 1 survivors (1024K)
 Metaspace       used 32289K, committed 32576K, reserved 1114112K
  class space    used 3344K, committed 3456K, reserved 1048576K
}
Event: 11.461 GC heap before
{Heap before GC invocations=8 (full 0):
 garbage-first heap   total 24576K, used 16850K [0x0000000085e00000, 0x0000000100000000)
  region size 1024K, 7 young (7168K), 1 survivors (1024K)
 Metaspace       used 33083K, committed 33344K, reserved 1114112K
  class space    used 3424K, committed 3520K, reserved 1048576K
}
Event: 11.464 GC heap after
{Heap after GC invocations=9 (full 0):
 garbage-first heap   total 75776K, used 11771K [0x0000000085e00000, 0x0000000100000000)
  region size 1024K, 1 young (1024K), 1 survivors (1024K)
 Metaspace       used 33083K, committed 33344K, reserved 1114112K
  class space    used 3424K, committed 3520K, reserved 1048576K
}

