# JRE version: OpenJDK Runtime Environment Temurin-17.0.10+7 (17.0.10+7) (build 17.0.10+7)
# Java VM: OpenJDK 64-Bit Server VM Temurin-17.0.10+7 (17.0.10+7, mixed mode, tiered, compressed oops, compressed class ptrs, g1 gc, windows-amd64)
GC Precious Log:
 CPUs: 20 total, 20 available
 Memory: 7812M
 Large Page Support: Disabled
 NUMA Support: Disabled
 Compressed Oops: Enabled (32-bit)
 Heap Region Size: 1M
 Heap Min Capacity: 8M
 Heap Initial Capacity: 124M
 Heap Max Capacity: 1954M
 Pre-touch: Disabled
 Parallel Workers: 15
 Concurrent Workers: 4
 Concurrent Refinement Workers: 15
 Periodic GC: Disabled
Heap:
 garbage-first heap   total 45056K, used 30876K [0x0000000085e00000, 0x0000000100000000)
  region size 1024K, 12 young (12288K), 1 survivors (1024K)
 Metaspace       used 39925K, committed 40256K, reserved 1114112K
  class space    used 4523K, committed 4672K, reserved 1048576K
GC Heap History (20 events):
Event: 0.818 GC heap before
{Heap before GC invocations=2 (full 0):
 garbage-first heap   total 24576K, used 17863K [0x0000000085e00000, 0x0000000100000000)
  region size 1024K, 15 young (15360K), 3 survivors (3072K)
 Metaspace       used 27579K, committed 27840K, reserved 1114112K
  class space    used 2904K, committed 3008K, reserved 1048576K
}
Event: 0.820 GC heap after
{Heap after GC invocations=3 (full 0):
 garbage-first heap   total 24576K, used 7603K [0x0000000085e00000, 0x0000000100000000)
  region size 1024K, 2 young (2048K), 2 survivors (2048K)
 Metaspace       used 27579K, committed 27840K, reserved 1114112K
  class space    used 2904K, committed 3008K, reserved 1048576K
}
Event: 0.841 GC heap before
{Heap before GC invocations=3 (full 0):
 garbage-first heap   total 24576K, used 8627K [0x0000000085e00000, 0x0000000100000000)
  region size 1024K, 3 young (3072K), 2 survivors (2048K)
 Metaspace       used 28408K, committed 28608K, reserved 1114112K
  class space    used 2993K, committed 3072K, reserved 1048576K
}
Event: 0.842 GC heap after
{Heap after GC invocations=4 (full 0):
 garbage-first heap   total 24576K, used 7859K [0x0000000085e00000, 0x0000000100000000)
  region size 1024K, 1 young (1024K), 1 survivors (1024K)
 Metaspace       used 28408K, committed 28608K, reserved 1114112K
  class space    used 2993K, committed 3072K, reserved 1048576K
}
Event: 0.962 GC heap before
{Heap before GC invocations=4 (full 0):
 garbage-first heap   total 24576K, used 9907K [0x0000000085e00000, 0x0000000100000000)
  region size 1024K, 4 young (4096K), 1 survivors (1024K)
 Metaspace       used 30744K, committed 30976K, reserved 1114112K
  class space    used 3255K, committed 3392K, reserved 1048576K
}
Event: 0.963 GC heap after
{Heap after GC invocations=5 (full 0):
 garbage-first heap   total 24576K, used 8026K [0x0000000085e00000, 0x0000000100000000)
  region size 1024K, 1 young (1024K), 1 survivors (1024K)
 Metaspace       used 30744K, committed 30976K, reserved 1114112K
  class space    used 3255K, committed 3392K, reserved 1048576K
}
Event: 1.887 GC heap before
{Heap before GC invocations=5 (full 0):
 garbage-first heap   total 24576K, used 17242K [0x0000000085e00000, 0x0000000100000000)
  region size 1024K, 8 young (8192K), 1 survivors (1024K)
 Metaspace       used 32034K, committed 32256K, reserved 1114112K
  class space    used 3344K, committed 3456K, reserved 1048576K
}
Event: 1.888 GC heap after
{Heap after GC invocations=6 (full 0):
 garbage-first heap   total 24576K, used 11547K [0x0000000085e00000, 0x0000000100000000)
  region size 1024K, 1 young (1024K), 1 survivors (1024K)
 Metaspace       used 32034K, committed 32256K, reserved 1114112K
  class space    used 3344K, committed 3456K, reserved 1048576K
}
Event: 2.026 GC heap before
{Heap before GC invocations=6 (full 0):
 garbage-first heap   total 24576K, used 17691K [0x0000000085e00000, 0x0000000100000000)
  region size 1024K, 7 young (7168K), 1 survivors (1024K)
 Metaspace       used 32263K, committed 32512K, reserved 1114112K
  class space    used 3344K, committed 3456K, reserved 1048576K
}
Event: 2.027 GC heap after
{Heap after GC invocations=7 (full 0):
 garbage-first heap   total 24576K, used 11609K [0x0000000085e00000, 0x0000000100000000)
  region size 1024K, 1 young (1024K), 1 survivors (1024K)
 Metaspace       used 32263K, committed 32512K, reserved 1114112K
  class space    used 3344K, committed 3456K, reserved 1048576K
}
Event: 2.134 GC heap before
{Heap before GC invocations=8 (full 0):
 garbage-first heap   total 24576K, used 17753K [0x0000000085e00000, 0x0000000100000000)
  region size 1024K, 7 young (7168K), 1 survivors (1024K)
 Metaspace       used 32321K, committed 32576K, reserved 1114112K
  class space    used 3344K, committed 3456K, reserved 1048576K
}
Event: 2.135 GC heap after
{Heap after GC invocations=9 (full 0):
 garbage-first heap   total 24576K, used 11573K [0x0000000085e00000, 0x0000000100000000)
  region size 1024K, 1 young (1024K), 1 survivors (1024K)
 Metaspace       used 32321K, committed 32576K, reserved 1114112K
  class space    used 3344K, committed 3456K, reserved 1048576K
}
Event: 2.152 GC heap before
{Heap before GC invocations=9 (full 0):
 garbage-first heap   total 24576K, used 12597K [0x0000000085e00000, 0x0000000100000000)
  region size 1024K, 2 young (2048K), 1 survivors (1024K)
 Metaspace       used 32324K, committed 32576K, reserved 1114112K
  class space    used 3344K, committed 3456K, reserved 1048576K
}
Event: 2.153 GC heap after
{Heap after GC invocations=10 (full 0):
 garbage-first heap   total 24576K, used 11234K [0x0000000085e00000, 0x0000000100000000)
  region size 1024K, 1 young (1024K), 1 survivors (1024K)
 Metaspace       used 32324K, committed 32576K, reserved 1114112K
  class space    used 3344K, committed 3456K, reserved 1048576K
}
Event: 2.255 GC heap before
{Heap before GC invocations=10 (full 0):
 garbage-first heap   total 24576K, used 18402K [0x0000000085e00000, 0x0000000100000000)
  region size 1024K, 8 young (8192K), 1 survivors (1024K)
 Metaspace       used 32399K, committed 32640K, reserved 1114112K
  class space    used 3344K, committed 3456K, reserved 1048576K
}
Event: 2.255 GC heap after
{Heap after GC invocations=11 (full 0):
 garbage-first heap   total 75776K, used 11235K [0x0000000085e00000, 0x0000000100000000)
  region size 1024K, 1 young (1024K), 1 survivors (1024K)
 Metaspace       used 32399K, committed 32640K, reserved 1114112K
  class space    used 3344K, committed 3456K, reserved 1048576K
}
Event: 10.165 GC heap before
{Heap before GC invocations=12 (full 0):
 garbage-first heap   total 45056K, used 35811K [0x0000000085e00000, 0x0000000100000000)
  region size 1024K, 27 young (27648K), 1 survivors (1024K)
 Metaspace       used 36303K, committed 36544K, reserved 1114112K
  class space    used 3875K, committed 4032K, reserved 1048576K
}
Event: 10.167 GC heap after
{Heap after GC invocations=13 (full 0):
 garbage-first heap   total 45056K, used 12064K [0x0000000085e00000, 0x0000000100000000)
  region size 1024K, 2 young (2048K), 2 survivors (2048K)
 Metaspace       used 36303K, committed 36544K, reserved 1114112K
  class space    used 3875K, committed 4032K, reserved 1048576K
}
Event: 10.182 GC heap before
{Heap before GC invocations=13 (full 0):
 garbage-first heap   total 45056K, used 13088K [0x0000000085e00000, 0x0000000100000000)
  region size 1024K, 3 young (3072K), 2 survivors (2048K)
 Metaspace       used 36477K, committed 36736K, reserved 1114112K
  class space    used 3899K, committed 4032K, reserved 1048576K
}
Event: 10.183 GC heap after
{Heap after GC invocations=14 (full 0):
 garbage-first heap   total 45056K, used 12444K [0x0000000085e00000, 0x0000000100000000)
  region size 1024K, 1 young (1024K), 1 survivors (1024K)
 Metaspace       used 36477K, committed 36736K, reserved 1114112K
  class space    used 3899K, committed 4032K, reserved 1048576K
}

